0 verbose cli C:\Program Files\nodejs\node.exe C:\Users\Andrej\AppData\Roaming\npm\node_modules\npm\bin\npm-cli.js
1 info using npm@10.0.0
2 info using node@v18.17.1
3 timing npm:load:whichnode Completed in 4ms
4 timing config:load:defaults Completed in 2ms
5 timing config:load:file:C:\Users\Andrej\AppData\Roaming\npm\node_modules\npm\npmrc Completed in 4ms
6 timing config:load:builtin Completed in 5ms
7 timing config:load:cli Completed in 1ms
8 timing config:load:env Completed in 0ms
9 timing config:load:file:C:\Users\Andrej\Downloads\Module\Projects\SVG\.npmrc Completed in 0ms
10 timing config:load:project Completed in 2ms
11 timing config:load:file:C:\Users\Andrej\.npmrc Completed in 0ms
12 timing config:load:user Completed in 0ms
13 timing config:load:file:C:\Users\Andrej\AppData\Roaming\npm\etc\npmrc Completed in 1ms
14 timing config:load:global Completed in 2ms
15 timing config:load:setEnvs Completed in 1ms
16 timing config:load Completed in 14ms
17 timing npm:load:configload Completed in 14ms
18 timing config:load:flatten Completed in 1ms
19 timing npm:load:mkdirpcache Completed in 0ms
20 timing npm:load:mkdirplogs Completed in 1ms
21 verbose title npm install jest
22 verbose argv "install" "jest"
23 timing npm:load:setTitle Completed in 1ms
24 timing npm:load:display Completed in 1ms
25 verbose logfile logs-max:10 dir:C:\Users\Andrej\Downloads\Module\Projects\SVG\lib\tmpnodejsnpm-cache\_logs\2023-09-04T15_33_19_990Z-
26 verbose logfile C:\Users\Andrej\Downloads\Module\Projects\SVG\lib\tmpnodejsnpm-cache\_logs\2023-09-04T15_33_19_990Z-debug-0.log
27 timing npm:load:logFile Completed in 11ms
28 timing npm:load:timers Completed in 0ms
29 timing npm:load:configScope Completed in 0ms
30 timing npm:load Completed in 69ms
31 timing arborist:ctor Completed in 1ms
32 silly logfile done cleaning log files
33 timing idealTree:init Completed in 196ms
34 timing idealTree:userRequests Completed in 1ms
35 silly idealTree buildDeps
36 silly fetch manifest jest@^29.6.4
37 timing arborist:ctor Completed in 0ms
38 http fetch GET 200 https://registry.npmjs.org/jest 359ms (cache revalidated)
39 silly fetch manifest node-notifier@^8.0.1 || ^9.0.0 || ^10.0.0
40 http fetch GET 200 https://registry.npmjs.org/node-notifier 56ms (cache revalidated)
41 silly placeDep ROOT jest@29.6.4 REPLACE for: svg@1.0.0 want: ^29.6.4
42 timing idealTree:#root Completed in 427ms
43 timing idealTree:node_modules/jest Completed in 0ms
44 timing idealTree:buildDeps Completed in 428ms
45 timing idealTree:fixDepFlags Completed in 3ms
46 timing idealTree Completed in 633ms
47 timing reify:loadTrees Completed in 634ms
48 timing reify:diffTrees Completed in 10ms
49 silly reify moves {}
50 timing reify:retireShallow Completed in 1ms
51 timing reify:createSparse Completed in 2ms
52 timing reify:loadBundles Completed in 0ms
53 silly audit bulk request {
53 silly audit   '@ampproject/remapping': [ '2.2.1' ],
53 silly audit   '@babel/code-frame': [ '7.22.13' ],
53 silly audit   'ansi-styles': [ '3.2.1', '4.3.0', '5.2.0' ],
53 silly audit   chalk: [ '2.4.2', '4.1.2' ],
53 silly audit   'color-convert': [ '1.9.3', '2.0.1' ],
53 silly audit   'color-name': [ '1.1.3', '1.1.4' ],
53 silly audit   'has-flag': [ '3.0.0', '4.0.0' ],
53 silly audit   'supports-color': [ '5.5.0', '8.1.1', '7.2.0' ],
53 silly audit   '@babel/compat-data': [ '7.22.9' ],
53 silly audit   '@babel/core': [ '7.22.11' ],
53 silly audit   'convert-source-map': [ '1.9.0', '2.0.0' ],
53 silly audit   '@babel/generator': [ '7.22.10' ],
53 silly audit   '@babel/helper-compilation-targets': [ '7.22.10' ],
53 silly audit   '@babel/helper-environment-visitor': [ '7.22.5' ],
53 silly audit   '@babel/helper-function-name': [ '7.22.5' ],
53 silly audit   '@babel/helper-hoist-variables': [ '7.22.5' ],
53 silly audit   '@babel/helper-module-imports': [ '7.22.5' ],
53 silly audit   '@babel/helper-module-transforms': [ '7.22.9' ],
53 silly audit   '@babel/helper-plugin-utils': [ '7.22.5' ],
53 silly audit   '@babel/helper-simple-access': [ '7.22.5' ],
53 silly audit   '@babel/helper-split-export-declaration': [ '7.22.6' ],
53 silly audit   '@babel/helper-string-parser': [ '7.22.5' ],
53 silly audit   '@babel/helper-validator-identifier': [ '7.22.5' ],
53 silly audit   '@babel/helper-validator-option': [ '7.22.5' ],
53 silly audit   '@babel/helpers': [ '7.22.11' ],
53 silly audit   '@babel/highlight': [ '7.22.13' ],
53 silly audit   '@babel/parser': [ '7.22.14' ],
53 silly audit   '@babel/plugin-syntax-async-generators': [ '7.8.4' ],
53 silly audit   '@babel/plugin-syntax-bigint': [ '7.8.3' ],
53 silly audit   '@babel/plugin-syntax-class-properties': [ '7.12.13' ],
53 silly audit   '@babel/plugin-syntax-import-meta': [ '7.10.4' ],
53 silly audit   '@babel/plugin-syntax-json-strings': [ '7.8.3' ],
53 silly audit   '@babel/plugin-syntax-jsx': [ '7.22.5' ],
53 silly audit   '@babel/plugin-syntax-logical-assignment-operators': [ '7.10.4' ],
53 silly audit   '@babel/plugin-syntax-nullish-coalescing-operator': [ '7.8.3' ],
53 silly audit   '@babel/plugin-syntax-numeric-separator': [ '7.10.4' ],
53 silly audit   '@babel/plugin-syntax-object-rest-spread': [ '7.8.3' ],
53 silly audit   '@babel/plugin-syntax-optional-catch-binding': [ '7.8.3' ],
53 silly audit   '@babel/plugin-syntax-optional-chaining': [ '7.8.3' ],
53 silly audit   '@babel/plugin-syntax-top-level-await': [ '7.14.5' ],
53 silly audit   '@babel/plugin-syntax-typescript': [ '7.22.5' ],
53 silly audit   '@babel/template': [ '7.22.5' ],
53 silly audit   '@babel/traverse': [ '7.22.11' ],
53 silly audit   '@babel/types': [ '7.22.11' ],
53 silly audit   '@bcoe/v8-coverage': [ '0.2.3' ],
53 silly audit   '@istanbuljs/load-nyc-config': [ '1.1.0' ],
53 silly audit   '@istanbuljs/schema': [ '0.1.3' ],
53 silly audit   '@jest/console': [ '29.6.4' ],
53 silly audit   '@jest/core': [ '29.6.4' ],
53 silly audit   '@jest/environment': [ '29.6.4' ],
53 silly audit   '@jest/expect': [ '29.6.4' ],
53 silly audit   '@jest/expect-utils': [ '29.6.4' ],
53 silly audit   '@jest/fake-timers': [ '29.6.4' ],
53 silly audit   '@jest/globals': [ '29.6.4' ],
53 silly audit   '@jest/reporters': [ '29.6.4' ],
53 silly audit   '@jest/schemas': [ '29.6.3' ],
53 silly audit   '@jest/source-map': [ '29.6.3' ],
53 silly audit   '@jest/test-result': [ '29.6.4' ],
53 silly audit   '@jest/test-sequencer': [ '29.6.4' ],
53 silly audit   '@jest/transform': [ '29.6.4' ],
53 silly audit   '@jest/types': [ '29.6.3' ],
53 silly audit   '@jridgewell/gen-mapping': [ '0.3.3' ],
53 silly audit   '@jridgewell/resolve-uri': [ '3.1.1' ],
53 silly audit   '@jridgewell/set-array': [ '1.1.2' ],
53 silly audit   '@jridgewell/sourcemap-codec': [ '1.4.15' ],
53 silly audit   '@jridgewell/trace-mapping': [ '0.3.19' ],
53 silly audit   '@sinclair/typebox': [ '0.27.8' ],
53 silly audit   '@sinonjs/commons': [ '3.0.0' ],
53 silly audit   '@sinonjs/fake-timers': [ '10.3.0' ],
53 silly audit   '@types/babel__core': [ '7.20.1' ],
53 silly audit   '@types/babel__generator': [ '7.6.4' ],
53 silly audit   '@types/babel__template': [ '7.4.1' ],
53 silly audit   '@types/babel__traverse': [ '7.20.1' ],
53 silly audit   '@types/graceful-fs': [ '4.1.6' ],
53 silly audit   '@types/istanbul-lib-coverage': [ '2.0.4' ],
53 silly audit   '@types/istanbul-lib-report': [ '3.0.0' ],
53 silly audit   '@types/istanbul-reports': [ '3.0.1' ],
53 silly audit   '@types/node': [ '20.5.9' ],
53 silly audit   '@types/stack-utils': [ '2.0.1' ],
53 silly audit   '@types/yargs': [ '17.0.24' ],
53 silly audit   '@types/yargs-parser': [ '21.0.0' ],
53 silly audit   'ansi-escapes': [ '4.3.2' ],
53 silly audit   'ansi-regex': [ '5.0.1' ],
53 silly audit   anymatch: [ '3.1.3' ],
53 silly audit   argparse: [ '1.0.10' ],
53 silly audit   'babel-jest': [ '29.6.4' ],
53 silly audit   'babel-plugin-istanbul': [ '6.1.1' ],
53 silly audit   'istanbul-lib-instrument': [ '5.2.1', '6.0.0' ],
53 silly audit   'babel-plugin-jest-hoist': [ '29.6.3' ],
53 silly audit   'babel-preset-current-node-syntax': [ '1.0.1' ],
53 silly audit   'babel-preset-jest': [ '29.6.3' ],
53 silly audit   'balanced-match': [ '1.0.2' ],
53 silly audit   'base64-js': [ '1.5.1' ],
53 silly audit   bl: [ '4.1.0' ],
53 silly audit   'brace-expansion': [ '1.1.11' ],
53 silly audit   braces: [ '3.0.2' ],
53 silly audit   browserslist: [ '4.21.10' ],
53 silly audit   bser: [ '2.1.1' ],
53 silly audit   buffer: [ '5.7.1' ],
53 silly audit   'buffer-from': [ '1.1.2' ],
53 silly audit   callsites: [ '3.1.0' ],
53 silly audit   camelcase: [ '5.3.1', '6.3.0' ],
53 silly audit   'caniuse-lite': [ '1.0.30001525' ],
53 silly audit   'char-regex': [ '1.0.2' ],
53 silly audit   chardet: [ '0.7.0' ],
53 silly audit   'ci-info': [ '3.8.0' ],
53 silly audit   'cjs-module-lexer': [ '1.2.3' ],
53 silly audit   'cli-cursor': [ '3.1.0' ],
53 silly audit   'cli-spinners': [ '2.9.0' ],
53 silly audit   'cli-width': [ '3.0.0' ],
53 silly audit   cliui: [ '8.0.1' ],
53 silly audit   clone: [ '1.0.4' ],
53 silly audit   co: [ '4.6.0' ],
53 silly audit   'collect-v8-coverage': [ '1.0.2' ],
53 silly audit   'concat-map': [ '0.0.1' ],
53 silly audit   'cross-spawn': [ '7.0.3' ],
53 silly audit   debug: [ '4.3.4' ],
53 silly audit   dedent: [ '1.5.1' ],
53 silly audit   deepmerge: [ '4.3.1' ],
53 silly audit   defaults: [ '1.0.4' ],
53 silly audit   'detect-newline': [ '3.1.0' ],
53 silly audit   'diff-sequences': [ '29.6.3' ],
53 silly audit   'electron-to-chromium': [ '1.4.508' ],
53 silly audit   emittery: [ '0.13.1' ],
53 silly audit   'emoji-regex': [ '8.0.0' ],
53 silly audit   'error-ex': [ '1.3.2' ],
53 silly audit   escalade: [ '3.1.1' ],
53 silly audit   'escape-string-regexp': [ '1.0.5', '2.0.0' ],
53 silly audit   esprima: [ '4.0.1' ],
53 silly audit   execa: [ '5.1.1' ],
53 silly audit   exit: [ '0.1.2' ],
53 silly audit   expect: [ '29.6.4' ],
53 silly audit   'external-editor': [ '3.1.0' ],
53 silly audit   'fast-json-stable-stringify': [ '2.1.0' ],
53 silly audit   'fb-watchman': [ '2.0.2' ],
53 silly audit   figures: [ '3.2.0' ],
53 silly audit   'fill-range': [ '7.0.1' ],
53 silly audit   'find-up': [ '4.1.0' ],
53 silly audit   'fs.realpath': [ '1.0.0' ],
53 silly audit   fsevents: [ '2.3.3' ],
53 silly audit   'function-bind': [ '1.1.1' ],
53 silly audit   gensync: [ '1.0.0-beta.2' ],
53 silly audit   'get-caller-file': [ '2.0.5' ],
53 silly audit   'get-package-type': [ '0.1.0' ],
53 silly audit   'get-stream': [ '6.0.1' ],
53 silly audit   glob: [ '7.2.3' ],
53 silly audit   globals: [ '11.12.0' ],
53 silly audit   'graceful-fs': [ '4.2.11' ],
53 silly audit   has: [ '1.0.3' ],
53 silly audit   'html-escaper': [ '2.0.2' ],
53 silly audit   'human-signals': [ '2.1.0' ],
53 silly audit   'iconv-lite': [ '0.4.24' ],
53 silly audit   ieee754: [ '1.2.1' ],
53 silly audit   'import-local': [ '3.1.0' ],
53 silly audit   imurmurhash: [ '0.1.4' ],
53 silly audit   inflight: [ '1.0.6' ],
53 silly audit   inherits: [ '2.0.4' ],
53 silly audit   inquirer: [ '8.2.4' ],
53 silly audit   'is-arrayish': [ '0.2.1' ],
53 silly audit   'is-core-module': [ '2.13.0' ],
53 silly audit   'is-fullwidth-code-point': [ '3.0.0' ],
53 silly audit   'is-generator-fn': [ '2.1.0' ],
53 silly audit   'is-interactive': [ '1.0.0' ],
53 silly audit   'is-number': [ '7.0.0' ],
53 silly audit   'is-stream': [ '2.0.1' ],
53 silly audit   'is-unicode-supported': [ '0.1.0' ],
53 silly audit   isexe: [ '2.0.0' ],
53 silly audit   'istanbul-lib-coverage': [ '3.2.0' ],
53 silly audit   'lru-cache': [ '6.0.0', '5.1.1' ],
53 silly audit   semver: [ '7.5.4', '6.3.1' ],
53 silly audit   yallist: [ '4.0.0', '3.1.1' ],
53 silly audit   'istanbul-lib-report': [ '3.0.1' ],
53 silly audit   'istanbul-lib-source-maps': [ '4.0.1' ],
53 silly audit   'istanbul-reports': [ '3.1.6' ],
53 silly audit   'jest-changed-files': [ '29.6.3' ],
53 silly audit   'jest-circus': [ '29.6.4' ],
53 silly audit   'jest-cli': [ '29.6.4' ],
53 silly audit   'jest-config': [ '29.6.4' ],
53 silly audit   'jest-diff': [ '29.6.4' ],
53 silly audit   'jest-docblock': [ '29.6.3' ],
53 silly audit   'jest-each': [ '29.6.3' ],
53 silly audit   'jest-environment-node': [ '29.6.4' ],
53 silly audit   'jest-get-type': [ '29.6.3' ],
53 silly audit   'jest-haste-map': [ '29.6.4' ],
53 silly audit   'jest-leak-detector': [ '29.6.3' ],
53 silly audit   'jest-matcher-utils': [ '29.6.4' ],
53 silly audit   'jest-message-util': [ '29.6.3' ],
53 silly audit   'jest-mock': [ '29.6.3' ],
53 silly audit   'jest-pnp-resolver': [ '1.2.3' ],
53 silly audit   'jest-regex-util': [ '29.6.3' ],
53 silly audit   'jest-resolve': [ '29.6.4' ],
53 silly audit   'jest-resolve-dependencies': [ '29.6.4' ],
53 silly audit   'jest-runner': [ '29.6.4' ],
53 silly audit   'jest-runtime': [ '29.6.4' ],
53 silly audit   'jest-snapshot': [ '29.6.4' ],
53 silly audit   'jest-util': [ '29.6.3' ],
53 silly audit   'jest-validate': [ '29.6.3' ],
53 silly audit   'jest-watcher': [ '29.6.4' ],
53 silly audit   'jest-worker': [ '29.6.4' ],
53 silly audit   'js-tokens': [ '4.0.0' ],
53 silly audit   'js-yaml': [ '3.14.1' ],
53 silly audit   jsesc: [ '2.5.2' ],
53 silly audit   'json-parse-even-better-errors': [ '2.3.1' ],
53 silly audit   json5: [ '2.2.3' ],
53 silly audit   kleur: [ '3.0.3' ],
53 silly audit   leven: [ '3.1.0' ],
53 silly audit   'lines-and-columns': [ '1.2.4' ],
53 silly audit   'locate-path': [ '5.0.0' ],
53 silly audit   lodash: [ '4.17.21' ],
53 silly audit   'log-symbols': [ '4.1.0' ],
53 silly audit   'make-dir': [ '4.0.0' ],
53 silly audit   makeerror: [ '1.0.12' ],
53 silly audit   'merge-stream': [ '2.0.0' ],
53 silly audit   micromatch: [ '4.0.5' ],
53 silly audit   'mimic-fn': [ '2.1.0' ],
53 silly audit   minimatch: [ '3.1.2' ],
53 silly audit   ms: [ '2.1.2' ],
53 silly audit   'mute-stream': [ '0.0.8' ],
53 silly audit   'natural-compare': [ '1.4.0' ],
53 silly audit   'node-int64': [ '0.4.0' ],
53 silly audit   'node-releases': [ '2.0.13' ],
53 silly audit   'normalize-path': [ '3.0.0' ],
53 silly audit   'npm-run-path': [ '4.0.1' ],
53 silly audit   once: [ '1.4.0' ],
53 silly audit   onetime: [ '5.1.2' ],
53 silly audit   ora: [ '5.4.1' ],
53 silly audit   'os-tmpdir': [ '1.0.2' ],
53 silly audit   'p-limit': [ '3.1.0', '2.3.0' ],
53 silly audit   'p-locate': [ '4.1.0' ],
53 silly audit   'p-try': [ '2.2.0' ],
53 silly audit   'parse-json': [ '5.2.0' ],
53 silly audit   'path-exists': [ '4.0.0' ],
53 silly audit   'path-is-absolute': [ '1.0.1' ],
53 silly audit   'path-key': [ '3.1.1' ],
53 silly audit   'path-parse': [ '1.0.7' ],
53 silly audit   picocolors: [ '1.0.0' ],
53 silly audit   picomatch: [ '2.3.1' ],
53 silly audit   pirates: [ '4.0.6' ],
53 silly audit   'pkg-dir': [ '4.2.0' ],
53 silly audit   'pretty-format': [ '29.6.3' ],
53 silly audit   prompts: [ '2.4.2' ],
53 silly audit   'pure-rand': [ '6.0.2' ],
53 silly audit   'react-is': [ '18.2.0' ],
53 silly audit   'readable-stream': [ '3.6.2' ],
53 silly audit   'require-directory': [ '2.1.1' ],
53 silly audit   resolve: [ '1.22.4' ],
53 silly audit   'resolve-cwd': [ '3.0.0' ],
53 silly audit   'resolve-from': [ '5.0.0' ],
53 silly audit   'resolve.exports': [ '2.0.2' ],
53 silly audit   'restore-cursor': [ '3.1.0' ],
53 silly audit   'run-async': [ '2.4.1' ],
53 silly audit   rxjs: [ '7.8.1' ],
53 silly audit   'safe-buffer': [ '5.2.1' ],
53 silly audit   'safer-buffer': [ '2.1.2' ],
53 silly audit   'shebang-command': [ '2.0.0' ],
53 silly audit   'shebang-regex': [ '3.0.0' ],
53 silly audit   'signal-exit': [ '3.0.7' ],
53 silly audit   sisteransi: [ '1.0.5' ],
53 silly audit   slash: [ '3.0.0' ],
53 silly audit   'source-map': [ '0.6.1' ],
53 silly audit   'source-map-support': [ '0.5.13' ],
53 silly audit   'sprintf-js': [ '1.0.3' ],
53 silly audit   'stack-utils': [ '2.0.6' ],
53 silly audit   string_decoder: [ '1.3.0' ],
53 silly audit   'string-length': [ '4.0.2' ],
53 silly audit   'string-width': [ '4.2.3' ],
53 silly audit   'strip-ansi': [ '6.0.1' ],
53 silly audit   'strip-bom': [ '4.0.0' ],
53 silly audit   'strip-final-newline': [ '2.0.0' ],
53 silly audit   'strip-json-comments': [ '3.1.1' ],
53 silly audit   'supports-preserve-symlinks-flag': [ '1.0.0' ],
53 silly audit   'test-exclude': [ '6.0.0' ],
53 silly audit   through: [ '2.3.8' ],
53 silly audit   tmp: [ '0.0.33' ],
53 silly audit   tmpl: [ '1.0.5' ],
53 silly audit   'to-fast-properties': [ '2.0.0' ],
53 silly audit   'to-regex-range': [ '5.0.1' ],
53 silly audit   tslib: [ '2.6.2' ],
53 silly audit   'type-detect': [ '4.0.8' ],
53 silly audit   'type-fest': [ '0.21.3' ],
53 silly audit   'update-browserslist-db': [ '1.0.11' ],
53 silly audit   'util-deprecate': [ '1.0.2' ],
53 silly audit   'v8-to-istanbul': [ '9.1.0' ],
53 silly audit   walker: [ '1.0.8' ],
53 silly audit   wcwidth: [ '1.0.1' ],
53 silly audit   which: [ '2.0.2' ],
53 silly audit   'wrap-ansi': [ '7.0.0' ],
53 silly audit   wrappy: [ '1.0.2' ],
53 silly audit   'write-file-atomic': [ '4.0.2' ],
53 silly audit   y18n: [ '5.0.8' ],
53 silly audit   yargs: [ '17.7.2' ],
53 silly audit   'yargs-parser': [ '21.1.1' ],
53 silly audit   'yocto-queue': [ '0.1.0' ],
53 silly audit   jest: [ '29.6.4' ]
53 silly audit }
54 verbose reify failed optional dependency C:\Users\Andrej\Downloads\Module\Projects\SVG\node_modules\fsevents
55 silly reify mark deleted [
55 silly reify   'C:\\Users\\Andrej\\Downloads\\Module\\Projects\\SVG\\node_modules\\fsevents'
55 silly reify ]
56 timing reifyNode:node_modules/fsevents Completed in 2ms
57 timing reify:unpack Completed in 2ms
58 timing reify:unretire Completed in 0ms
59 timing build:queue Completed in 0ms
60 timing build:deps Completed in 2ms
61 timing build Completed in 2ms
62 timing reify:build Completed in 2ms
63 timing reify:trash Completed in 1ms
64 timing reify:save Completed in 129ms
65 http fetch POST 200 https://registry.npmjs.org/-/npm/v1/security/advisories/bulk 240ms
66 timing auditReport:getReport Completed in 244ms
67 silly audit report {}
68 timing auditReport:init Completed in 0ms
69 timing reify:audit Completed in 245ms
70 timing reify Completed in 896ms
71 silly ADD
72 timing command:install Completed in 905ms
73 verbose exit 0
74 timing npm Completed in 1321ms
75 info ok
