0 verbose cli C:\Program Files\nodejs\node.exe C:\Users\Andrej\AppData\Roaming\npm\node_modules\npm\bin\npm-cli.js
1 info using npm@10.0.0
2 info using node@v18.17.1
3 timing npm:load:whichnode Completed in 4ms
4 timing config:load:defaults Completed in 3ms
5 timing config:load:file:C:\Users\Andrej\AppData\Roaming\npm\node_modules\npm\npmrc Completed in 5ms
6 timing config:load:builtin Completed in 5ms
7 timing config:load:cli Completed in 1ms
8 timing config:load:env Completed in 1ms
9 timing config:load:file:C:\Users\Andrej\Downloads\Module\Projects\SVG\.npmrc Completed in 0ms
10 timing config:load:project Completed in 2ms
11 timing config:load:file:C:\Users\Andrej\.npmrc Completed in 0ms
12 timing config:load:user Completed in 0ms
13 timing config:load:file:C:\Users\Andrej\AppData\Roaming\npm\etc\npmrc Completed in 0ms
14 timing config:load:global Completed in 1ms
15 timing config:load:setEnvs Completed in 1ms
16 timing config:load Completed in 14ms
17 timing npm:load:configload Completed in 14ms
18 timing config:load:flatten Completed in 2ms
19 timing npm:load:mkdirpcache Completed in 1ms
20 timing npm:load:mkdirplogs Completed in 0ms
21 verbose title npm i inquirer@8.2.4
22 verbose argv "i" "inquirer@8.2.4"
23 timing npm:load:setTitle Completed in 1ms
24 timing npm:load:display Completed in 1ms
25 verbose logfile logs-max:10 dir:C:\Users\Andrej\Downloads\Module\Projects\SVG\tmpnodejsnpm-cache\_logs\2023-09-03T20_23_50_220Z-
26 verbose logfile C:\Users\Andrej\Downloads\Module\Projects\SVG\tmpnodejsnpm-cache\_logs\2023-09-03T20_23_50_220Z-debug-0.log
27 timing npm:load:logFile Completed in 28ms
28 timing npm:load:timers Completed in 0ms
29 timing npm:load:configScope Completed in 0ms
30 timing npm:load Completed in 83ms
31 timing arborist:ctor Completed in 1ms
32 timing arborist:ctor Completed in 0ms
33 silly logfile done cleaning log files
34 timing idealTree:init Completed in 16ms
35 timing idealTree:userRequests Completed in 2ms
36 silly idealTree buildDeps
37 silly fetch manifest inquirer@8.2.4
38 http fetch GET 200 https://registry.npmjs.org/inquirer 180ms (cache miss)
39 silly placeDep ROOT inquirer@8.2.4 OK for: svg@1.0.0 want: 8.2.4
40 silly fetch manifest ansi-escapes@^4.2.1
41 silly fetch manifest chalk@^4.1.1
42 silly fetch manifest cli-cursor@^3.1.0
43 silly fetch manifest cli-width@^3.0.0
44 silly fetch manifest external-editor@^3.0.3
45 silly fetch manifest figures@^3.0.0
46 silly fetch manifest lodash@^4.17.21
47 silly fetch manifest mute-stream@0.0.8
48 silly fetch manifest ora@^5.4.1
49 silly fetch manifest run-async@^2.4.0
50 silly fetch manifest rxjs@^7.5.5
51 silly fetch manifest string-width@^4.1.0
52 silly fetch manifest strip-ansi@^6.0.0
53 silly fetch manifest through@^2.3.6
54 silly fetch manifest wrap-ansi@^7.0.0
55 http fetch GET 200 https://registry.npmjs.org/ansi-escapes 151ms (cache miss)
56 http fetch GET 200 https://registry.npmjs.org/figures 278ms (cache miss)
57 http fetch GET 200 https://registry.npmjs.org/through 328ms (cache miss)
58 http fetch GET 200 https://registry.npmjs.org/npm 604ms (cache miss)
59 http fetch GET 200 https://registry.npmjs.org/strip-ansi 432ms (cache miss)
60 http fetch GET 200 https://registry.npmjs.org/wrap-ansi 459ms (cache miss)
61 http fetch GET 200 https://registry.npmjs.org/lodash 491ms (cache miss)
62 http fetch GET 200 https://registry.npmjs.org/run-async 496ms (cache miss)
63 http fetch GET 200 https://registry.npmjs.org/external-editor 505ms (cache miss)
64 http fetch GET 200 https://registry.npmjs.org/ora 507ms (cache miss)
65 http fetch GET 200 https://registry.npmjs.org/string-width 532ms (cache miss)
66 http fetch GET 200 https://registry.npmjs.org/cli-cursor 568ms (cache miss)
67 http fetch GET 200 https://registry.npmjs.org/rxjs 599ms (cache miss)
68 http fetch GET 200 https://registry.npmjs.org/cli-width 1172ms (cache miss)
69 http fetch GET 200 https://registry.npmjs.org/chalk 1178ms (cache miss)
70 http fetch GET 200 https://registry.npmjs.org/mute-stream 1196ms (cache miss)
71 timing idealTree:#root Completed in 1394ms
72 silly placeDep ROOT ansi-escapes@4.3.2 OK for: inquirer@8.2.4 want: ^4.2.1
73 silly fetch manifest type-fest@^0.21.3
74 silly placeDep ROOT chalk@4.1.2 OK for: inquirer@8.2.4 want: ^4.1.1
75 silly fetch manifest ansi-styles@^4.1.0
76 silly fetch manifest supports-color@^7.1.0
77 silly placeDep ROOT cli-cursor@3.1.0 OK for: inquirer@8.2.4 want: ^3.1.0
78 silly fetch manifest restore-cursor@^3.1.0
79 silly placeDep ROOT cli-width@3.0.0 OK for: inquirer@8.2.4 want: ^3.0.0
80 silly placeDep ROOT external-editor@3.1.0 OK for: inquirer@8.2.4 want: ^3.0.3
81 silly fetch manifest chardet@^0.7.0
82 silly fetch manifest iconv-lite@^0.4.24
83 silly fetch manifest tmp@^0.0.33
84 silly placeDep ROOT figures@3.2.0 OK for: inquirer@8.2.4 want: ^3.0.0
85 silly fetch manifest escape-string-regexp@^1.0.5
86 silly placeDep ROOT lodash@4.17.21 OK for: inquirer@8.2.4 want: ^4.17.21
87 silly placeDep ROOT mute-stream@0.0.8 OK for: inquirer@8.2.4 want: 0.0.8
88 silly placeDep ROOT ora@5.4.1 OK for: inquirer@8.2.4 want: ^5.4.1
89 silly fetch manifest bl@^4.1.0
90 silly fetch manifest cli-spinners@^2.5.0
91 silly fetch manifest is-interactive@^1.0.0
92 silly fetch manifest is-unicode-supported@^0.1.0
93 silly fetch manifest log-symbols@^4.1.0
94 silly fetch manifest wcwidth@^1.0.1
95 silly placeDep ROOT run-async@2.4.1 OK for: inquirer@8.2.4 want: ^2.4.0
96 silly placeDep ROOT rxjs@7.8.1 OK for: inquirer@8.2.4 want: ^7.5.5
97 silly fetch manifest tslib@^2.1.0
98 silly placeDep ROOT string-width@4.2.3 OK for: inquirer@8.2.4 want: ^4.1.0
99 silly fetch manifest emoji-regex@^8.0.0
100 silly fetch manifest is-fullwidth-code-point@^3.0.0
101 silly fetch manifest strip-ansi@^6.0.1
102 silly placeDep ROOT strip-ansi@6.0.1 OK for: inquirer@8.2.4 want: ^6.0.0
103 silly fetch manifest ansi-regex@^5.0.1
104 silly placeDep ROOT through@2.3.8 OK for: inquirer@8.2.4 want: ^2.3.6
105 silly placeDep ROOT wrap-ansi@7.0.0 OK for: inquirer@8.2.4 want: ^7.0.0
106 silly fetch manifest ansi-styles@^4.0.0
107 http fetch GET 200 https://registry.npmjs.org/restore-cursor 118ms (cache miss)
108 http fetch GET 200 https://registry.npmjs.org/type-fest 151ms (cache miss)
109 http fetch GET 200 https://registry.npmjs.org/log-symbols 151ms (cache miss)
110 http fetch GET 200 https://registry.npmjs.org/wcwidth 153ms (cache miss)
111 http fetch GET 200 https://registry.npmjs.org/iconv-lite 169ms (cache miss)
112 http fetch GET 200 https://registry.npmjs.org/is-interactive 163ms (cache miss)
113 http fetch GET 200 https://registry.npmjs.org/escape-string-regexp 176ms (cache miss)
114 http fetch GET 200 https://registry.npmjs.org/is-unicode-supported 169ms (cache miss)
115 http fetch GET 200 https://registry.npmjs.org/tmp 187ms (cache miss)
116 http fetch GET 200 https://registry.npmjs.org/chardet 193ms (cache miss)
117 http fetch GET 200 https://registry.npmjs.org/cli-spinners 182ms (cache miss)
118 http fetch GET 200 https://registry.npmjs.org/ansi-styles 206ms (cache miss)
119 http fetch GET 200 https://registry.npmjs.org/emoji-regex 181ms (cache miss)
120 http fetch GET 200 https://registry.npmjs.org/supports-color 209ms (cache miss)
121 http fetch GET 200 https://registry.npmjs.org/ansi-styles 181ms (cache miss)
122 http fetch GET 200 https://registry.npmjs.org/ansi-regex 187ms (cache miss)
123 http fetch GET 200 https://registry.npmjs.org/tslib 193ms (cache miss)
124 http fetch GET 200 https://registry.npmjs.org/bl 201ms (cache miss)
125 http fetch GET 200 https://registry.npmjs.org/is-fullwidth-code-point 248ms (cache miss)
126 timing idealTree:node_modules/inquirer Completed in 289ms
127 silly placeDep ROOT type-fest@0.21.3 OK for: ansi-escapes@4.3.2 want: ^0.21.3
128 timing idealTree:node_modules/ansi-escapes Completed in 5ms
129 silly placeDep ROOT ansi-styles@4.3.0 OK for: chalk@4.1.2 want: ^4.1.0
130 silly fetch manifest color-convert@^2.0.1
131 silly placeDep ROOT supports-color@7.2.0 OK for: chalk@4.1.2 want: ^7.1.0
132 silly fetch manifest has-flag@^4.0.0
133 http fetch GET 200 https://registry.npmjs.org/has-flag 51ms (cache miss)
134 http fetch GET 200 https://registry.npmjs.org/color-convert 62ms (cache miss)
135 timing idealTree:node_modules/chalk Completed in 70ms
136 silly placeDep ROOT color-convert@2.0.1 OK for: ansi-styles@4.3.0 want: ^2.0.1
137 silly fetch manifest color-name@~1.1.4
138 http fetch GET 200 https://registry.npmjs.org/color-name 66ms (cache miss)
139 timing idealTree:node_modules/ansi-styles Completed in 71ms
140 silly placeDep ROOT restore-cursor@3.1.0 OK for: cli-cursor@3.1.0 want: ^3.1.0
141 silly fetch manifest onetime@^5.1.0
142 silly fetch manifest signal-exit@^3.0.2
143 http fetch GET 200 https://registry.npmjs.org/signal-exit 52ms (cache miss)
144 http fetch GET 200 https://registry.npmjs.org/onetime 179ms (cache miss)
145 timing idealTree:node_modules/cli-cursor Completed in 184ms
146 timing idealTree:node_modules/cli-width Completed in 0ms
147 silly placeDep ROOT color-name@1.1.4 OK for: color-convert@2.0.1 want: ~1.1.4
148 timing idealTree:node_modules/color-convert Completed in 23ms
149 timing idealTree:node_modules/color-name Completed in 0ms
150 silly placeDep ROOT chardet@0.7.0 OK for: external-editor@3.1.0 want: ^0.7.0
151 silly placeDep ROOT iconv-lite@0.4.24 OK for: external-editor@3.1.0 want: ^0.4.24
152 silly fetch manifest safer-buffer@>= 2.1.2 < 3
153 silly placeDep ROOT tmp@0.0.33 OK for: external-editor@3.1.0 want: ^0.0.33
154 silly fetch manifest os-tmpdir@~1.0.2
155 http fetch GET 200 https://registry.npmjs.org/safer-buffer 68ms (cache miss)
156 http fetch GET 200 https://registry.npmjs.org/os-tmpdir 66ms (cache miss)
157 timing idealTree:node_modules/external-editor Completed in 94ms
158 timing idealTree:node_modules/chardet Completed in 0ms
159 silly placeDep ROOT escape-string-regexp@1.0.5 OK for: figures@3.2.0 want: ^1.0.5
160 timing idealTree:node_modules/figures Completed in 2ms
161 timing idealTree:node_modules/escape-string-regexp Completed in 0ms
162 silly placeDep ROOT safer-buffer@2.1.2 OK for: iconv-lite@0.4.24 want: >= 2.1.2 < 3
163 timing idealTree:node_modules/iconv-lite Completed in 1ms
164 timing idealTree:node_modules/lodash Completed in 0ms
165 timing idealTree:node_modules/mute-stream Completed in 0ms
166 silly placeDep ROOT bl@4.1.0 OK for: ora@5.4.1 want: ^4.1.0
167 silly fetch manifest buffer@^5.5.0
168 silly fetch manifest inherits@^2.0.4
169 silly fetch manifest readable-stream@^3.4.0
170 silly placeDep ROOT cli-spinners@2.9.0 OK for: ora@5.4.1 want: ^2.5.0
171 silly placeDep ROOT is-interactive@1.0.0 OK for: ora@5.4.1 want: ^1.0.0
172 silly placeDep ROOT is-unicode-supported@0.1.0 OK for: ora@5.4.1 want: ^0.1.0
173 silly placeDep ROOT log-symbols@4.1.0 OK for: ora@5.4.1 want: ^4.1.0
174 silly placeDep ROOT wcwidth@1.0.1 OK for: ora@5.4.1 want: ^1.0.1
175 silly fetch manifest defaults@^1.0.3
176 http fetch GET 200 https://registry.npmjs.org/readable-stream 73ms (cache miss)
177 http fetch GET 200 https://registry.npmjs.org/inherits 78ms (cache miss)
178 http fetch GET 200 https://registry.npmjs.org/defaults 79ms (cache miss)
179 http fetch GET 200 https://registry.npmjs.org/buffer 92ms (cache miss)
180 timing idealTree:node_modules/ora Completed in 100ms
181 silly placeDep ROOT buffer@5.7.1 OK for: bl@4.1.0 want: ^5.5.0
182 silly fetch manifest base64-js@^1.3.1
183 silly fetch manifest ieee754@^1.1.13
184 silly placeDep ROOT inherits@2.0.4 OK for: bl@4.1.0 want: ^2.0.4
185 silly placeDep ROOT readable-stream@3.6.2 OK for: bl@4.1.0 want: ^3.4.0
186 silly fetch manifest string_decoder@^1.1.1
187 silly fetch manifest util-deprecate@^1.0.1
188 http fetch GET 200 https://registry.npmjs.org/ieee754 54ms (cache miss)
189 http fetch GET 200 https://registry.npmjs.org/util-deprecate 62ms (cache miss)
190 http fetch GET 200 https://registry.npmjs.org/base64-js 67ms (cache miss)
191 http fetch GET 200 https://registry.npmjs.org/string_decoder 95ms (cache miss)
192 timing idealTree:node_modules/bl Completed in 108ms
193 silly placeDep ROOT base64-js@1.5.1 OK for: buffer@5.7.1 want: ^1.3.1
194 silly placeDep ROOT ieee754@1.2.1 OK for: buffer@5.7.1 want: ^1.1.13
195 timing idealTree:node_modules/buffer Completed in 6ms
196 timing idealTree:node_modules/base64-js Completed in 0ms
197 timing idealTree:node_modules/cli-spinners Completed in 0ms
198 timing idealTree:node_modules/ieee754 Completed in 0ms
199 timing idealTree:node_modules/inherits Completed in 0ms
200 timing idealTree:node_modules/is-interactive Completed in 0ms
201 timing idealTree:node_modules/is-unicode-supported Completed in 0ms
202 timing idealTree:node_modules/log-symbols Completed in 0ms
203 silly placeDep ROOT string_decoder@1.3.0 OK for: readable-stream@3.6.2 want: ^1.1.1
204 silly fetch manifest safe-buffer@~5.2.0
205 silly placeDep ROOT util-deprecate@1.0.2 OK for: readable-stream@3.6.2 want: ^1.0.1
206 http fetch GET 200 https://registry.npmjs.org/safe-buffer 53ms (cache miss)
207 timing idealTree:node_modules/readable-stream Completed in 59ms
208 silly placeDep ROOT onetime@5.1.2 OK for: restore-cursor@3.1.0 want: ^5.1.0
209 silly fetch manifest mimic-fn@^2.1.0
210 silly placeDep ROOT signal-exit@3.0.7 OK for: restore-cursor@3.1.0 want: ^3.0.2
211 http fetch GET 200 https://registry.npmjs.org/mimic-fn 75ms (cache miss)
212 timing idealTree:node_modules/restore-cursor Completed in 83ms
213 silly placeDep ROOT mimic-fn@2.1.0 OK for: onetime@5.1.2 want: ^2.1.0
214 timing idealTree:node_modules/onetime Completed in 3ms
215 timing idealTree:node_modules/mimic-fn Completed in 0ms
216 timing idealTree:node_modules/run-async Completed in 0ms
217 silly placeDep ROOT tslib@2.6.2 OK for: rxjs@7.8.1 want: ^2.1.0
218 timing idealTree:node_modules/rxjs Completed in 1ms
219 timing idealTree:node_modules/safer-buffer Completed in 0ms
220 timing idealTree:node_modules/signal-exit Completed in 0ms
221 silly placeDep ROOT safe-buffer@5.2.1 OK for: string_decoder@1.3.0 want: ~5.2.0
222 timing idealTree:node_modules/string_decoder Completed in 1ms
223 timing idealTree:node_modules/safe-buffer Completed in 0ms
224 silly placeDep ROOT emoji-regex@8.0.0 OK for: string-width@4.2.3 want: ^8.0.0
225 silly placeDep ROOT is-fullwidth-code-point@3.0.0 OK for: string-width@4.2.3 want: ^3.0.0
226 timing idealTree:node_modules/string-width Completed in 2ms
227 timing idealTree:node_modules/emoji-regex Completed in 0ms
228 timing idealTree:node_modules/is-fullwidth-code-point Completed in 0ms
229 silly placeDep ROOT ansi-regex@5.0.1 OK for: strip-ansi@6.0.1 want: ^5.0.1
230 timing idealTree:node_modules/strip-ansi Completed in 1ms
231 timing idealTree:node_modules/ansi-regex Completed in 0ms
232 silly placeDep ROOT has-flag@4.0.0 OK for: supports-color@7.2.0 want: ^4.0.0
233 timing idealTree:node_modules/supports-color Completed in 2ms
234 timing idealTree:node_modules/has-flag Completed in 0ms
235 timing idealTree:node_modules/through Completed in 0ms
236 silly placeDep ROOT os-tmpdir@1.0.2 OK for: tmp@0.0.33 want: ~1.0.2
237 timing idealTree:node_modules/tmp Completed in 2ms
238 timing idealTree:node_modules/os-tmpdir Completed in 0ms
239 timing idealTree:node_modules/tslib Completed in 0ms
240 timing idealTree:node_modules/type-fest Completed in 0ms
241 timing idealTree:node_modules/util-deprecate Completed in 0ms
242 silly placeDep ROOT defaults@1.0.4 OK for: wcwidth@1.0.1 want: ^1.0.3
243 silly fetch manifest clone@^1.0.2
244 http fetch GET 200 https://registry.npmjs.org/clone 65ms (cache miss)
245 timing idealTree:node_modules/wcwidth Completed in 68ms
246 silly placeDep ROOT clone@1.0.4 OK for: defaults@1.0.4 want: ^1.0.2
247 timing idealTree:node_modules/defaults Completed in 1ms
248 timing idealTree:node_modules/clone Completed in 0ms
249 timing idealTree:node_modules/wrap-ansi Completed in 0ms
250 timing idealTree:buildDeps Completed in 2578ms
251 timing idealTree:fixDepFlags Completed in 1ms
252 timing idealTree Completed in 2600ms
253 timing reify:loadTrees Completed in 2601ms
254 timing reify:diffTrees Completed in 2ms
255 silly reify moves {}
256 timing reify:retireShallow Completed in 1ms
257 timing reify:createSparse Completed in 20ms
258 timing reify:loadBundles Completed in 0ms
259 silly audit bulk request {
259 silly audit   inquirer: [ '8.2.4' ],
259 silly audit   'ansi-escapes': [ '4.3.2' ],
259 silly audit   chalk: [ '4.1.2' ],
259 silly audit   'cli-cursor': [ '3.1.0' ],
259 silly audit   'cli-width': [ '3.0.0' ],
259 silly audit   'external-editor': [ '3.1.0' ],
259 silly audit   figures: [ '3.2.0' ],
259 silly audit   lodash: [ '4.17.21' ],
259 silly audit   'mute-stream': [ '0.0.8' ],
259 silly audit   ora: [ '5.4.1' ],
259 silly audit   'run-async': [ '2.4.1' ],
259 silly audit   rxjs: [ '7.8.1' ],
259 silly audit   'string-width': [ '4.2.3' ],
259 silly audit   'strip-ansi': [ '6.0.1' ],
259 silly audit   through: [ '2.3.8' ],
259 silly audit   'wrap-ansi': [ '7.0.0' ],
259 silly audit   'type-fest': [ '0.21.3' ],
259 silly audit   'ansi-styles': [ '4.3.0' ],
259 silly audit   'supports-color': [ '7.2.0' ],
259 silly audit   'color-convert': [ '2.0.1' ],
259 silly audit   'restore-cursor': [ '3.1.0' ],
259 silly audit   'color-name': [ '1.1.4' ],
259 silly audit   chardet: [ '0.7.0' ],
259 silly audit   'iconv-lite': [ '0.4.24' ],
259 silly audit   tmp: [ '0.0.33' ],
259 silly audit   'escape-string-regexp': [ '1.0.5' ],
259 silly audit   'safer-buffer': [ '2.1.2' ],
259 silly audit   bl: [ '4.1.0' ],
259 silly audit   'cli-spinners': [ '2.9.0' ],
259 silly audit   'is-interactive': [ '1.0.0' ],
259 silly audit   'is-unicode-supported': [ '0.1.0' ],
259 silly audit   'log-symbols': [ '4.1.0' ],
259 silly audit   wcwidth: [ '1.0.1' ],
259 silly audit   buffer: [ '5.7.1' ],
259 silly audit   inherits: [ '2.0.4' ],
259 silly audit   'readable-stream': [ '3.6.2' ],
259 silly audit   'base64-js': [ '1.5.1' ],
259 silly audit   ieee754: [ '1.2.1' ],
259 silly audit   string_decoder: [ '1.3.0' ],
259 silly audit   'util-deprecate': [ '1.0.2' ],
259 silly audit   onetime: [ '5.1.2' ],
259 silly audit   'signal-exit': [ '3.0.7' ],
259 silly audit   'mimic-fn': [ '2.1.0' ],
259 silly audit   tslib: [ '2.6.2' ],
259 silly audit   'safe-buffer': [ '5.2.1' ],
259 silly audit   'emoji-regex': [ '8.0.0' ],
259 silly audit   'is-fullwidth-code-point': [ '3.0.0' ],
259 silly audit   'ansi-regex': [ '5.0.1' ],
259 silly audit   'has-flag': [ '4.0.0' ],
259 silly audit   'os-tmpdir': [ '1.0.2' ],
259 silly audit   defaults: [ '1.0.4' ],
259 silly audit   clone: [ '1.0.4' ]
259 silly audit }
260 silly tarball no local data for clone@https://registry.npmjs.org/clone/-/clone-1.0.4.tgz. Extracting by manifest.
261 silly tarball no local data for defaults@https://registry.npmjs.org/defaults/-/defaults-1.0.4.tgz. Extracting by manifest.
262 silly tarball no local data for has-flag@https://registry.npmjs.org/has-flag/-/has-flag-4.0.0.tgz. Extracting by manifest.
263 silly tarball no local data for os-tmpdir@https://registry.npmjs.org/os-tmpdir/-/os-tmpdir-1.0.2.tgz. Extracting by manifest.
264 silly tarball no local data for ansi-regex@https://registry.npmjs.org/ansi-regex/-/ansi-regex-5.0.1.tgz. Extracting by manifest.
265 silly tarball no local data for is-fullwidth-code-point@https://registry.npmjs.org/is-fullwidth-code-point/-/is-fullwidth-code-point-3.0.0.tgz. Extracting by manifest.
266 silly tarball no local data for emoji-regex@https://registry.npmjs.org/emoji-regex/-/emoji-regex-8.0.0.tgz. Extracting by manifest.
267 silly tarball no local data for tslib@https://registry.npmjs.org/tslib/-/tslib-2.6.2.tgz. Extracting by manifest.
268 silly tarball no local data for mimic-fn@https://registry.npmjs.org/mimic-fn/-/mimic-fn-2.1.0.tgz. Extracting by manifest.
269 silly tarball no local data for safe-buffer@https://registry.npmjs.org/safe-buffer/-/safe-buffer-5.2.1.tgz. Extracting by manifest.
270 silly tarball no local data for signal-exit@https://registry.npmjs.org/signal-exit/-/signal-exit-3.0.7.tgz. Extracting by manifest.
271 silly tarball no local data for util-deprecate@https://registry.npmjs.org/util-deprecate/-/util-deprecate-1.0.2.tgz. Extracting by manifest.
272 silly tarball no local data for string_decoder@https://registry.npmjs.org/string_decoder/-/string_decoder-1.3.0.tgz. Extracting by manifest.
273 silly tarball no local data for onetime@https://registry.npmjs.org/onetime/-/onetime-5.1.2.tgz. Extracting by manifest.
274 silly tarball no local data for ieee754@https://registry.npmjs.org/ieee754/-/ieee754-1.2.1.tgz. Extracting by manifest.
275 silly tarball no local data for readable-stream@https://registry.npmjs.org/readable-stream/-/readable-stream-3.6.2.tgz. Extracting by manifest.
276 silly tarball no local data for inherits@https://registry.npmjs.org/inherits/-/inherits-2.0.4.tgz. Extracting by manifest.
277 silly tarball no local data for base64-js@https://registry.npmjs.org/base64-js/-/base64-js-1.5.1.tgz. Extracting by manifest.
278 silly tarball no local data for wcwidth@https://registry.npmjs.org/wcwidth/-/wcwidth-1.0.1.tgz. Extracting by manifest.
279 silly tarball no local data for log-symbols@https://registry.npmjs.org/log-symbols/-/log-symbols-4.1.0.tgz. Extracting by manifest.
280 silly tarball no local data for is-interactive@https://registry.npmjs.org/is-interactive/-/is-interactive-1.0.0.tgz. Extracting by manifest.
281 silly tarball no local data for buffer@https://registry.npmjs.org/buffer/-/buffer-5.7.1.tgz. Extracting by manifest.
282 silly tarball no local data for is-unicode-supported@https://registry.npmjs.org/is-unicode-supported/-/is-unicode-supported-0.1.0.tgz. Extracting by manifest.
283 silly tarball no local data for bl@https://registry.npmjs.org/bl/-/bl-4.1.0.tgz. Extracting by manifest.
284 silly tarball no local data for cli-spinners@https://registry.npmjs.org/cli-spinners/-/cli-spinners-2.9.0.tgz. Extracting by manifest.
285 silly tarball no local data for safer-buffer@https://registry.npmjs.org/safer-buffer/-/safer-buffer-2.1.2.tgz. Extracting by manifest.
286 silly tarball no local data for tmp@https://registry.npmjs.org/tmp/-/tmp-0.0.33.tgz. Extracting by manifest.
287 silly tarball no local data for escape-string-regexp@https://registry.npmjs.org/escape-string-regexp/-/escape-string-regexp-1.0.5.tgz. Extracting by manifest.
288 silly tarball no local data for iconv-lite@https://registry.npmjs.org/iconv-lite/-/iconv-lite-0.4.24.tgz. Extracting by manifest.
289 silly tarball no local data for chardet@https://registry.npmjs.org/chardet/-/chardet-0.7.0.tgz. Extracting by manifest.
290 silly tarball no local data for color-name@https://registry.npmjs.org/color-name/-/color-name-1.1.4.tgz. Extracting by manifest.
291 silly tarball no local data for color-convert@https://registry.npmjs.org/color-convert/-/color-convert-2.0.1.tgz. Extracting by manifest.
292 silly tarball no local data for supports-color@https://registry.npmjs.org/supports-color/-/supports-color-7.2.0.tgz. Extracting by manifest.
293 silly tarball no local data for through@https://registry.npmjs.org/through/-/through-2.3.8.tgz. Extracting by manifest.
294 silly tarball no local data for restore-cursor@https://registry.npmjs.org/restore-cursor/-/restore-cursor-3.1.0.tgz. Extracting by manifest.
295 silly tarball no local data for wrap-ansi@https://registry.npmjs.org/wrap-ansi/-/wrap-ansi-7.0.0.tgz. Extracting by manifest.
296 silly tarball no local data for strip-ansi@https://registry.npmjs.org/strip-ansi/-/strip-ansi-6.0.1.tgz. Extracting by manifest.
297 silly tarball no local data for ansi-styles@https://registry.npmjs.org/ansi-styles/-/ansi-styles-4.3.0.tgz. Extracting by manifest.
298 silly tarball no local data for type-fest@https://registry.npmjs.org/type-fest/-/type-fest-0.21.3.tgz. Extracting by manifest.
299 silly tarball no local data for string-width@https://registry.npmjs.org/string-width/-/string-width-4.2.3.tgz. Extracting by manifest.
300 silly tarball no local data for ora@https://registry.npmjs.org/ora/-/ora-5.4.1.tgz. Extracting by manifest.
301 silly tarball no local data for rxjs@https://registry.npmjs.org/rxjs/-/rxjs-7.8.1.tgz. Extracting by manifest.
302 silly tarball no local data for lodash@https://registry.npmjs.org/lodash/-/lodash-4.17.21.tgz. Extracting by manifest.
303 silly tarball no local data for run-async@https://registry.npmjs.org/run-async/-/run-async-2.4.1.tgz. Extracting by manifest.
304 silly tarball no local data for mute-stream@https://registry.npmjs.org/mute-stream/-/mute-stream-0.0.8.tgz. Extracting by manifest.
305 silly tarball no local data for figures@https://registry.npmjs.org/figures/-/figures-3.2.0.tgz. Extracting by manifest.
306 silly tarball no local data for external-editor@https://registry.npmjs.org/external-editor/-/external-editor-3.1.0.tgz. Extracting by manifest.
307 silly tarball no local data for cli-width@https://registry.npmjs.org/cli-width/-/cli-width-3.0.0.tgz. Extracting by manifest.
308 silly tarball no local data for chalk@https://registry.npmjs.org/chalk/-/chalk-4.1.2.tgz. Extracting by manifest.
309 silly tarball no local data for cli-cursor@https://registry.npmjs.org/cli-cursor/-/cli-cursor-3.1.0.tgz. Extracting by manifest.
310 silly tarball no local data for inquirer@https://registry.npmjs.org/inquirer/-/inquirer-8.2.4.tgz. Extracting by manifest.
311 silly tarball no local data for ansi-escapes@https://registry.npmjs.org/ansi-escapes/-/ansi-escapes-4.3.2.tgz. Extracting by manifest.
312 http fetch POST 200 https://registry.npmjs.org/-/npm/v1/security/advisories/bulk 311ms
313 timing auditReport:getReport Completed in 318ms
314 silly audit report {}
315 timing auditReport:init Completed in 0ms
316 timing reify:audit Completed in 321ms
317 http fetch GET 200 https://registry.npmjs.org/ansi-regex/-/ansi-regex-5.0.1.tgz 379ms (cache miss)
318 http fetch GET 200 https://registry.npmjs.org/has-flag/-/has-flag-4.0.0.tgz 380ms (cache miss)
319 http fetch GET 200 https://registry.npmjs.org/mimic-fn/-/mimic-fn-2.1.0.tgz 377ms (cache miss)
320 http fetch GET 200 https://registry.npmjs.org/is-fullwidth-code-point/-/is-fullwidth-code-point-3.0.0.tgz 380ms (cache miss)
321 http fetch GET 200 https://registry.npmjs.org/util-deprecate/-/util-deprecate-1.0.2.tgz 398ms (cache miss)
322 http fetch GET 200 https://registry.npmjs.org/os-tmpdir/-/os-tmpdir-1.0.2.tgz 405ms (cache miss)
323 timing reifyNode:node_modules/os-tmpdir Completed in 433ms
324 http fetch GET 200 https://registry.npmjs.org/base64-js/-/base64-js-1.5.1.tgz 400ms (cache miss)
325 http fetch GET 200 https://registry.npmjs.org/string_decoder/-/string_decoder-1.3.0.tgz 415ms (cache miss)
326 timing reifyNode:node_modules/mimic-fn Completed in 446ms
327 timing reifyNode:node_modules/has-flag Completed in 447ms
328 timing reifyNode:node_modules/string_decoder Completed in 448ms
329 http fetch GET 200 https://registry.npmjs.org/defaults/-/defaults-1.0.4.tgz 437ms (cache miss)
330 http fetch GET 200 https://registry.npmjs.org/signal-exit/-/signal-exit-3.0.7.tgz 433ms (cache miss)
331 http fetch GET 200 https://registry.npmjs.org/safe-buffer/-/safe-buffer-5.2.1.tgz 441ms (cache miss)
332 http fetch GET 200 https://registry.npmjs.org/inherits/-/inherits-2.0.4.tgz 438ms (cache miss)
333 timing reifyNode:node_modules/defaults Completed in 472ms
334 timing reifyNode:node_modules/ansi-regex Completed in 472ms
335 timing reifyNode:node_modules/is-fullwidth-code-point Completed in 474ms
336 http fetch GET 200 https://registry.npmjs.org/is-unicode-supported/-/is-unicode-supported-0.1.0.tgz 442ms (cache miss)
337 timing reifyNode:node_modules/safe-buffer Completed in 486ms
338 http fetch GET 200 https://registry.npmjs.org/is-interactive/-/is-interactive-1.0.0.tgz 452ms (cache miss)
339 timing reifyNode:node_modules/signal-exit Completed in 487ms
340 timing reifyNode:node_modules/inherits Completed in 495ms
341 http fetch GET 200 https://registry.npmjs.org/clone/-/clone-1.0.4.tgz 481ms (cache miss)
342 timing reifyNode:node_modules/util-deprecate Completed in 505ms
343 http fetch GET 200 https://registry.npmjs.org/ieee754/-/ieee754-1.2.1.tgz 474ms (cache miss)
344 http fetch GET 200 https://registry.npmjs.org/tmp/-/tmp-0.0.33.tgz 465ms (cache miss)
345 timing reifyNode:node_modules/ieee754 Completed in 508ms
346 timing reifyNode:node_modules/is-unicode-supported Completed in 513ms
347 timing reifyNode:node_modules/is-interactive Completed in 524ms
348 http fetch GET 200 https://registry.npmjs.org/escape-string-regexp/-/escape-string-regexp-1.0.5.tgz 483ms (cache miss)
349 timing reifyNode:node_modules/escape-string-regexp Completed in 525ms
350 timing reifyNode:node_modules/tmp Completed in 526ms
351 timing reifyNode:node_modules/clone Completed in 533ms
352 http fetch GET 200 https://registry.npmjs.org/supports-color/-/supports-color-7.2.0.tgz 489ms (cache miss)
353 http fetch GET 200 https://registry.npmjs.org/strip-ansi/-/strip-ansi-6.0.1.tgz 488ms (cache miss)
354 timing reifyNode:node_modules/base64-js Completed in 538ms
355 http fetch GET 200 https://registry.npmjs.org/cli-spinners/-/cli-spinners-2.9.0.tgz 511ms (cache miss)
356 http fetch GET 200 https://registry.npmjs.org/through/-/through-2.3.8.tgz 503ms (cache miss)
357 http fetch GET 200 https://registry.npmjs.org/log-symbols/-/log-symbols-4.1.0.tgz 521ms (cache miss)
358 http fetch GET 200 https://registry.npmjs.org/restore-cursor/-/restore-cursor-3.1.0.tgz 511ms (cache miss)
359 http fetch GET 200 https://registry.npmjs.org/ansi-styles/-/ansi-styles-4.3.0.tgz 514ms (cache miss)
360 timing reifyNode:node_modules/supports-color Completed in 562ms
361 timing reifyNode:node_modules/cli-spinners Completed in 570ms
362 timing reifyNode:node_modules/restore-cursor Completed in 572ms
363 http fetch GET 200 https://registry.npmjs.org/string-width/-/string-width-4.2.3.tgz 537ms (cache miss)
364 timing reifyNode:node_modules/strip-ansi Completed in 601ms
365 http fetch GET 200 https://registry.npmjs.org/emoji-regex/-/emoji-regex-8.0.0.tgz 579ms (cache miss)
366 timing reifyNode:node_modules/ansi-styles Completed in 616ms
367 timing reifyNode:node_modules/string-width Completed in 622ms
368 timing reifyNode:node_modules/log-symbols Completed in 623ms
369 timing reifyNode:node_modules/emoji-regex Completed in 626ms
370 http fetch GET 200 https://registry.npmjs.org/ora/-/ora-5.4.1.tgz 580ms (cache miss)
371 http fetch GET 200 https://registry.npmjs.org/wrap-ansi/-/wrap-ansi-7.0.0.tgz 592ms (cache miss)
372 timing reifyNode:node_modules/wrap-ansi Completed in 639ms
373 http fetch GET 200 https://registry.npmjs.org/mute-stream/-/mute-stream-0.0.8.tgz 589ms (cache miss)
374 timing reifyNode:node_modules/mute-stream Completed in 638ms
375 http fetch GET 200 https://registry.npmjs.org/figures/-/figures-3.2.0.tgz 593ms (cache miss)
376 timing reifyNode:node_modules/ora Completed in 656ms
377 timing reifyNode:node_modules/figures Completed in 667ms
378 http fetch GET 200 https://registry.npmjs.org/color-name/-/color-name-1.1.4.tgz 636ms (cache miss)
379 timing reifyNode:node_modules/color-name Completed in 680ms
380 http fetch GET 200 https://registry.npmjs.org/wcwidth/-/wcwidth-1.0.1.tgz 665ms (cache miss)
381 timing reifyNode:node_modules/wcwidth Completed in 699ms
382 http fetch GET 200 https://registry.npmjs.org/color-convert/-/color-convert-2.0.1.tgz 658ms (cache miss)
383 timing reifyNode:node_modules/color-convert Completed in 702ms
384 http fetch GET 200 https://registry.npmjs.org/ansi-escapes/-/ansi-escapes-4.3.2.tgz 633ms (cache miss)
385 http fetch GET 200 https://registry.npmjs.org/buffer/-/buffer-5.7.1.tgz 683ms (cache miss)
386 timing reifyNode:node_modules/buffer Completed in 718ms
387 http fetch GET 200 https://registry.npmjs.org/cli-cursor/-/cli-cursor-3.1.0.tgz 667ms (cache miss)
388 http fetch GET 200 https://registry.npmjs.org/bl/-/bl-4.1.0.tgz 686ms (cache miss)
389 http fetch GET 200 https://registry.npmjs.org/chalk/-/chalk-4.1.2.tgz 689ms (cache miss)
390 timing reifyNode:node_modules/ansi-escapes Completed in 768ms
391 timing reifyNode:node_modules/bl Completed in 781ms
392 timing reifyNode:node_modules/cli-cursor Completed in 781ms
393 timing reifyNode:node_modules/chalk Completed in 799ms
394 http fetch GET 200 https://registry.npmjs.org/run-async/-/run-async-2.4.1.tgz 750ms (cache miss)
395 timing reifyNode:node_modules/run-async Completed in 800ms
396 timing reifyNode:node_modules/through Completed in 802ms
397 http fetch GET 200 https://registry.npmjs.org/tslib/-/tslib-2.6.2.tgz 779ms (cache miss)
398 timing reifyNode:node_modules/tslib Completed in 811ms
399 http fetch GET 200 https://registry.npmjs.org/chardet/-/chardet-0.7.0.tgz 772ms (cache miss)
400 http fetch GET 200 https://registry.npmjs.org/safer-buffer/-/safer-buffer-2.1.2.tgz 776ms (cache miss)
401 timing reifyNode:node_modules/safer-buffer Completed in 816ms
402 timing reifyNode:node_modules/chardet Completed in 817ms
403 http fetch GET 200 https://registry.npmjs.org/cli-width/-/cli-width-3.0.0.tgz 768ms (cache miss)
404 timing reifyNode:node_modules/cli-width Completed in 829ms
405 http fetch GET 200 https://registry.npmjs.org/external-editor/-/external-editor-3.1.0.tgz 822ms (cache miss)
406 timing reifyNode:node_modules/external-editor Completed in 875ms
407 http fetch GET 200 https://registry.npmjs.org/readable-stream/-/readable-stream-3.6.2.tgz 921ms (cache miss)
408 timing reifyNode:node_modules/readable-stream Completed in 954ms
409 http fetch GET 200 https://registry.npmjs.org/onetime/-/onetime-5.1.2.tgz 925ms (cache miss)
410 timing reifyNode:node_modules/onetime Completed in 956ms
411 http fetch GET 200 https://registry.npmjs.org/inquirer/-/inquirer-8.2.4.tgz 903ms (cache miss)
412 timing reifyNode:node_modules/inquirer Completed in 958ms
413 http fetch GET 200 https://registry.npmjs.org/iconv-lite/-/iconv-lite-0.4.24.tgz 921ms (cache miss)
414 timing reifyNode:node_modules/iconv-lite Completed in 965ms
415 http fetch GET 200 https://registry.npmjs.org/type-fest/-/type-fest-0.21.3.tgz 942ms (cache miss)
416 timing reifyNode:node_modules/type-fest Completed in 993ms
417 http fetch GET 200 https://registry.npmjs.org/lodash/-/lodash-4.17.21.tgz 2641ms (cache miss)
418 timing reifyNode:node_modules/lodash Completed in 2691ms
419 http fetch GET 200 https://registry.npmjs.org/rxjs/-/rxjs-7.8.1.tgz 4605ms (cache miss)
420 timing reifyNode:node_modules/rxjs Completed in 4655ms
421 timing reify:unpack Completed in 4657ms
422 timing reify:unretire Completed in 1ms
423 timing build:queue Completed in 2ms
424 timing build:deps Completed in 2ms
425 timing build Completed in 2ms
426 timing reify:build Completed in 3ms
427 timing reify:trash Completed in 0ms
428 timing reify:save Completed in 23ms
429 timing reify Completed in 7389ms
430 silly ADD node_modules/clone
431 silly ADD node_modules/defaults
432 silly ADD node_modules/os-tmpdir
433 silly ADD node_modules/has-flag
434 silly ADD node_modules/ansi-regex
435 silly ADD node_modules/is-fullwidth-code-point
436 silly ADD node_modules/emoji-regex
437 silly ADD node_modules/safe-buffer
438 silly ADD node_modules/tslib
439 silly ADD node_modules/mimic-fn
440 silly ADD node_modules/signal-exit
441 silly ADD node_modules/onetime
442 silly ADD node_modules/util-deprecate
443 silly ADD node_modules/string_decoder
444 silly ADD node_modules/ieee754
445 silly ADD node_modules/base64-js
446 silly ADD node_modules/readable-stream
447 silly ADD node_modules/inherits
448 silly ADD node_modules/buffer
449 silly ADD node_modules/wcwidth
450 silly ADD node_modules/log-symbols
451 silly ADD node_modules/is-unicode-supported
452 silly ADD node_modules/is-interactive
453 silly ADD node_modules/cli-spinners
454 silly ADD node_modules/bl
455 silly ADD node_modules/safer-buffer
456 silly ADD node_modules/escape-string-regexp
457 silly ADD node_modules/tmp
458 silly ADD node_modules/iconv-lite
459 silly ADD node_modules/chardet
460 silly ADD node_modules/color-name
461 silly ADD node_modules/restore-cursor
462 silly ADD node_modules/color-convert
463 silly ADD node_modules/supports-color
464 silly ADD node_modules/ansi-styles
465 silly ADD node_modules/type-fest
466 silly ADD node_modules/wrap-ansi
467 silly ADD node_modules/through
468 silly ADD node_modules/strip-ansi
469 silly ADD node_modules/string-width
470 silly ADD node_modules/rxjs
471 silly ADD node_modules/run-async
472 silly ADD node_modules/ora
473 silly ADD node_modules/mute-stream
474 silly ADD node_modules/lodash
475 silly ADD node_modules/figures
476 silly ADD node_modules/external-editor
477 silly ADD node_modules/cli-width
478 silly ADD node_modules/cli-cursor
479 silly ADD node_modules/chalk
480 silly ADD node_modules/ansi-escapes
481 silly ADD node_modules/inquirer
482 timing command:i Completed in 7399ms
483 verbose exit 0
484 timing npm Completed in 7737ms
485 info ok
