0 verbose cli C:\Program Files\nodejs\node.exe C:\Users\Andrej\AppData\Roaming\npm\node_modules\npm\bin\npm-cli.js
1 info using npm@10.0.0
2 info using node@v18.17.1
3 timing npm:load:whichnode Completed in 3ms
4 timing config:load:defaults Completed in 2ms
5 timing config:load:file:C:\Users\Andrej\AppData\Roaming\npm\node_modules\npm\npmrc Completed in 5ms
6 timing config:load:builtin Completed in 5ms
7 timing config:load:cli Completed in 2ms
8 timing config:load:env Completed in 0ms
9 timing config:load:file:c:\Users\Andrej\Downloads\Module\Projects\SVG\.npmrc Completed in 0ms
10 timing config:load:project Completed in 2ms
11 timing config:load:file:C:\Users\Andrej\.npmrc Completed in 1ms
12 timing config:load:user Completed in 1ms
13 timing config:load:file:C:\Users\Andrej\AppData\Roaming\npm\etc\npmrc Completed in 0ms
14 timing config:load:global Completed in 0ms
15 timing config:load:setEnvs Completed in 1ms
16 timing config:load Completed in 13ms
17 timing npm:load:configload Completed in 14ms
18 timing config:load:flatten Completed in 2ms
19 timing npm:load:mkdirpcache Completed in 1ms
20 timing npm:load:mkdirplogs Completed in 1ms
21 verbose title npm view jest description dist-tags.latest homepage version time
22 verbose argv "view" "--json" "jest" "description" "dist-tags.latest" "homepage" "version" "time"
23 timing npm:load:setTitle Completed in 1ms
24 timing npm:load:display Completed in 1ms
25 verbose logfile logs-max:10 dir:C:\Users\Andrej\Downloads\Module\Projects\SVG\tmpnodejsnpm-cache\_logs\2023-09-04T15_37_49_532Z-
26 verbose logfile C:\Users\Andrej\Downloads\Module\Projects\SVG\tmpnodejsnpm-cache\_logs\2023-09-04T15_37_49_532Z-debug-0.log
27 timing npm:load:logFile Completed in 13ms
28 timing npm:load:timers Completed in 0ms
29 timing npm:load:configScope Completed in 0ms
30 timing npm:load Completed in 59ms
31 silly logfile start cleaning logs, removing 1 files
32 silly logfile done cleaning log files
33 http fetch GET 200 https://registry.npmjs.org/jest 196ms (cache revalidated)
34 timing command:view Completed in 215ms
35 verbose exit 0
36 timing npm Completed in 448ms
37 info ok
